Parameters:
	-runDir
	/home/saul/projects/KISTA_DIGITAL/virtuoso/lvs_runs
	-ossdir
	/home/saul/projects/KISTA_DIGITAL/virtuoso/lvs_runs/
	-cellmap
	/home/saul/projects/KISTA_DIGITAL/virtuoso/lvs_runs/lay_cellMap.txt
	-ppid
	21236
	-form
	-viewer
	virtuoso
	-schview
	schematic
	-tag
	unknown


Checking out SoftShare license Phys_Ver_Sys_Results_Mgr 16.1 Qty: 1 ... succeeded (1s).
starting pvsProbeServer: port= 43758
Starting probe server on port: 43758
Checking in SoftShare license Phys_Ver_Sys_Results_Mgr ... succeeded (1s).
