\o Program:		@(#)$CDS: libManager version 6.1.8 - CAT37 09/03/2019 21:35 (ip-172-18-22-89) $
\o Sub version:		sub-version  s061 
\o Arguments:		-unmapped -mpssession virtuoso18261 -mpshost s2424 
\o Working Directory:	s2424:/home/saul/projects/KISTA_DIGITAL
\o 64-bit offsets
\o Qt version: 		5.9.1
\o changeWorkingDir("/home/saul/projects/KISTA_DIGITAL") unnecessary.
\o ddSetForcedLib("") unnecessary.
\o Log file is "/home/saul/projects/KISTA_DIGITAL/libManager.log".
\o Opening libManager window.
\a nrSetWindowVisibility(cdsLibManager "show")
\o MPS service: map window
\o Library Manager customization server connected.
\a nrSetCurrentWindow(cdsLibManager)
\a nrResizeWindow(cdsLibManager list(1079 98 821 894))
\a cdsLibManager->libListBox->value = "ahdlLib"
\a cdsLibManager->libLineEdit->value = "ahdlLib"
\a cdsLibManager->libListBox->value = "analogLib"
\a cdsLibManager->libLineEdit->value = "analogLib"
\a nrSetCurrentWindow(cdsLibManager)
\a nrSetWindowVisibility(cdsLibManager "hide")
\a _lmgrCloseIconify("cdsLibManager" 1)
\o MPS service: shutdown
\o libManager is exiting.
\a exit(0)
