============================================================
  Generated by:           Genus(TM) Synthesis Solution 18.15-s055_1
  Generated on:           Nov 18 2021  02:29:02 pm
  Module:                 counter
  Operating conditions:   PVT_1P8V_25C (balanced_tree)
  Wireload mode:          enclosed
  Area mode:              timing library
============================================================


Path 1: MET (88620 ps) Setup Check with Pin out_reg[7]/CK->D
          Group: CLK
     Startpoint: (R) out_reg[1]/CK
          Clock: (R) CLK
       Endpoint: (R) out_reg[7]/D
          Clock: (R) CLK

                     Capture       Launch     
        Clock Edge:+  100000            0     
       Src Latency:+       0            0     
       Net Latency:+     200 (I)      200 (I) 
           Arrival:=  100200          200     
                                              
             Setup:-    1761                  
       Uncertainty:-     300                  
     Required Time:=   98139                  
      Launch Clock:-     200                  
         Data Path:-    9319                  
             Slack:=   88620                  

#-----------------------------------------------------------------------------------------
# Timing Point   Flags    Arc   Edge   Cell     Fanout  Load Trans Delay Arrival Instance 
#                                                       (fF)  (ps)  (ps)   (ps)  Location 
#-----------------------------------------------------------------------------------------
  out_reg[1]/CK  -       -      R     (arrival)      8     -     0     -     200    (-,-) 
  out_reg[1]/QN  -       CK->QN F     DFFX1          3 205.8   434  1880    2080    (-,-) 
  g283__2250/Y   -       A->Y   R     NOR2X1         2 137.8   462   632    2711    (-,-) 
  g277__8757/Y   -       B->Y   F     NAND2X1        3 206.0   840  1114    3825    (-,-) 
  g273__2900/Y   -       B->Y   R     NOR2X1         2 137.8   507   752    4577    (-,-) 
  g267__4547/Y   -       B->Y   F     NAND2X1        3 206.0   840  1132    5709    (-,-) 
  g261__9906/Y   -       B->Y   R     NOR2X1         2 137.8   507   752    6461    (-,-) 
  g249__2703/Y   -       B->Y   F     NAND2X1        3 205.9   840  1131    7592    (-,-) 
  g241__5953/Y   -       B->Y   R     NOR2X1         1  69.2   320   500    8092    (-,-) 
  g236__1309/Y   -       B->Y   F     NOR2X1         1  68.0   255   343    8435    (-,-) 
  g231__9682/Y   -       B->Y   R     NOR2X1         1  69.2   392   360    8795    (-,-) 
  g228__3772/Y   -       B->Y   F     NOR2X1         1  68.0   258   365    9161    (-,-) 
  g227__8780/Y   -       B->Y   R     NOR2X1         1  68.1   314   358    9519    (-,-) 
  out_reg[7]/D   <<<     -      R     DFFX1          1     -     -     0    9519    (-,-) 
#-----------------------------------------------------------------------------------------

