xmvlog(64): 18.03-s018: (c) Copyright 1995-2019 Cadence Design Systems, Inc.
TOOL:	xmvlog(64)	18.03-s018: Started on Nov 22, 2021 at 10:55:46 CET
xmvlog
    -use5x
    -SPECIFICUNIT counter_stimulus
    -zparse /tmp/vamsZparyda236
    -NOWARN DLNOHV
    -work COUNTER
    -view verilogams
    -nostdout
    -logfile /home/saul/projects/KISTA_DIGITAL/virtuoso/.cadence/dfII/TextSupport/Logs/Parser/verilogams/COUNTER/verilogams/compile0.log
    -messages
    -ams
    -cdslib /home/saul/projects/KISTA_DIGITAL/virtuoso/cds.lib
    /home/saul/projects/KISTA_DIGITAL/virtuoso/COUNTER/counter_stimulus/verilogams/verilog.vams

file: /home/saul/projects/KISTA_DIGITAL/virtuoso/COUNTER/counter_stimulus/verilogams/verilog.vams
	module COUNTER.counter_stimulus:verilogams
		errors: 0, warnings: 0
	 writing out DPL output:
TOOL:	xmvlog(64)	18.03-s018: Exiting on Nov 22, 2021 at 10:55:46 CET  (total: 00:00:00)
